Log file open, 11/24/22 19:49:30
LogWindows: Failed to load 'aqProf.dll' (GetLastError=126)
LogWindows: File 'aqProf.dll' does not exist
LogWindows: Failed to load 'VtuneApi.dll' (GetLastError=126)
LogWindows: File 'VtuneApi.dll' does not exist
LogWindows: Failed to load 'VtuneApi32e.dll' (GetLastError=126)
LogWindows: File 'VtuneApi32e.dll' does not exist
LogConsoleResponse: Display: Failed to find resolution value strings in scalability ini. Falling back to default.
LogConsoleResponse: Display: Failed to find resolution value strings in scalability ini. Falling back to default.
LogInit: Display: Running engine for game: MyProject
LogPlatformFile: Not using cached read wrapper
LogTaskGraph: Started task graph with 5 named threads and 35 total threads with 3 sets of task threads.
LogStats: Stats thread started at 2.056457
LogICUInternationalization: ICU TimeZone Detection - Raw Offset: +0:00, Platform Override: ''
LogInit: Display: Loading text-based GConfig....
LogPluginManager: Mounting plugin MeshPainting
LogPluginManager: Mounting plugin XGEController
LogPluginManager: Mounting plugin Paper2D
LogPluginManager: Mounting plugin AISupport
LogPluginManager: Mounting plugin EnvironmentQueryEditor
LogPluginManager: Mounting plugin LiveLink
LogPluginManager: Mounting plugin LightPropagationVolume
LogPluginManager: Mounting plugin CameraShakePreviewer
LogPluginManager: Mounting plugin GameplayCameras
LogPluginManager: Mounting plugin AnimationSharing
LogPluginManager: Mounting plugin CLionSourceCodeAccess
LogPluginManager: Mounting plugin GitSourceControl
LogPluginManager: Mounting plugin KDevelopSourceCodeAccess
LogPluginManager: Mounting plugin CodeLiteSourceCodeAccess
LogPluginManager: Mounting plugin OodleData
LogPluginManager: Mounting plugin NullSourceCodeAccess
LogPluginManager: Mounting plugin PerforceSourceControl
LogPluginManager: Mounting plugin OodleNetwork
LogPluginManager: Mounting plugin PixWinPlugin
LogPluginManager: Mounting plugin PlasticSourceControl
LogPluginManager: Mounting plugin PluginUtils
LogPluginManager: Mounting plugin PropertyAccessNode
LogPluginManager: Mounting plugin RiderSourceCodeAccess
LogPluginManager: Mounting plugin SubversionSourceControl
LogPluginManager: Mounting plugin TextureFormatOodle
LogPluginManager: Mounting plugin UObjectPlugin
LogPluginManager: Mounting plugin VisualStudioCodeSourceCodeAccess
LogPluginManager: Mounting plugin XCodeSourceCodeAccess
LogPluginManager: Mounting plugin AssetManagerEditor
LogPluginManager: Mounting plugin VisualStudioSourceCodeAccess
LogPluginManager: Mounting plugin CurveEditorTools
LogPluginManager: Mounting plugin CryptoKeys
LogPluginManager: Mounting plugin DataValidation
LogPluginManager: Mounting plugin GeometryMode
LogPluginManager: Mounting plugin GameplayTagsEditor
LogPluginManager: Mounting plugin FacialAnimation
LogPluginManager: Mounting plugin MacGraphicsSwitching
LogPluginManager: Mounting plugin MaterialAnalyzer
LogPluginManager: Mounting plugin MobileLauncherProfileWizard
LogPluginManager: Mounting plugin PluginBrowser
LogPluginManager: Mounting plugin SpeedTreeImporter
LogPluginManager: Mounting plugin DatasmithContent
LogPluginManager: Mounting plugin VariantManagerContent
LogPluginManager: Mounting plugin AlembicImporter
LogPluginManager: Mounting plugin AutomationUtils
LogPluginManager: Mounting plugin BackChannel
LogPluginManager: Mounting plugin ChaosClothEditor
LogPluginManager: Mounting plugin ChaosCloth
LogPluginManager: Mounting plugin ChaosEditor
LogPluginManager: Mounting plugin ChaosNiagara
LogPluginManager: Mounting plugin ChaosSolverPlugin
LogPluginManager: Mounting plugin CharacterAI
LogPluginManager: Mounting plugin Niagara
LogPluginManager: Mounting plugin GeometryCache
LogPluginManager: Mounting plugin GeometryCollectionPlugin
LogPluginManager: Mounting plugin GeometryProcessing
LogPluginManager: Mounting plugin MotoSynth
LogPluginManager: Mounting plugin OpenImageDenoise
LogPluginManager: Mounting plugin PlanarCut
LogPluginManager: Mounting plugin PlatformCrypto
LogPluginManager: Mounting plugin ProxyLODPlugin
LogPluginManager: Mounting plugin PythonScriptPlugin
LogPluginManager: Mounting plugin SkeletalReduction
LogPluginManager: Mounting plugin LuminPlatformFeatures
LogPluginManager: Mounting plugin MagicLeap
LogPluginManager: Mounting plugin MagicLeapLightEstimation
LogPluginManager: Mounting plugin MagicLeapMedia
LogPluginManager: Mounting plugin MagicLeapPassableWorld
LogPluginManager: Mounting plugin MLSDK
LogPluginManager: Mounting plugin AndroidMedia
LogPluginManager: Mounting plugin AvfMedia
LogPluginManager: Mounting plugin ImgMedia
LogPluginManager: Mounting plugin MediaCompositing
LogPluginManager: Mounting plugin MediaPlayerEditor
LogPluginManager: Mounting plugin WebMMedia
LogPluginManager: Mounting plugin WmfMedia
LogPluginManager: Mounting plugin TcpMessaging
LogPluginManager: Mounting plugin UdpMessaging
LogPluginManager: Mounting plugin ActorSequence
LogPluginManager: Mounting plugin LevelSequenceEditor
LogPluginManager: Mounting plugin MatineeToLevelSequence
LogPluginManager: Mounting plugin TemplateSequence
LogPluginManager: Mounting plugin OnlineSubsystem
LogPluginManager: Mounting plugin OnlineSubsystemNull
LogPluginManager: Mounting plugin LauncherChunkInstaller
LogPluginManager: Mounting plugin OnlineSubsystemUtils
LogPluginManager: Mounting plugin ActorLayerUtilities
LogPluginManager: Mounting plugin AndroidDeviceProfileSelector
LogPluginManager: Mounting plugin AndroidPermission
LogPluginManager: Mounting plugin AndroidMoviePlayer
LogPluginManager: Mounting plugin AppleMoviePlayer
LogPluginManager: Mounting plugin AppleImageUtils
LogPluginManager: Mounting plugin ArchVisCharacter
LogPluginManager: Mounting plugin AssetTags
LogPluginManager: Mounting plugin AudioCapture
LogPluginManager: Mounting plugin AudioSynesthesia
LogPluginManager: Mounting plugin CableComponent
LogPluginManager: Mounting plugin ChunkDownloader
LogPluginManager: Mounting plugin CustomMeshComponent
LogPluginManager: Mounting plugin EditableMesh
LogPluginManager: Mounting plugin ExampleDeviceProfileSelector
LogPluginManager: Mounting plugin GoogleCloudMessaging
LogPluginManager: Mounting plugin GooglePAD
LogPluginManager: Mounting plugin IOSDeviceProfileSelector
LogPluginManager: Mounting plugin LinuxDeviceProfileSelector
LogPluginManager: Mounting plugin LocationServicesBPLibrary
LogPluginManager: Mounting plugin MobilePatchingUtils
LogPluginManager: Mounting plugin OpenXR
LogPluginManager: Mounting plugin OpenXREyeTracker
LogPluginManager: Mounting plugin OpenXRHandTracking
LogPluginManager: Mounting plugin PhysXVehicles
LogPluginManager: Mounting plugin PostSplashScreen
LogPluginManager: Mounting plugin ProceduralMeshComponent
LogPluginManager: Mounting plugin PropertyAccessEditor
LogPluginManager: Mounting plugin SignificanceManager
LogPluginManager: Mounting plugin SoundFields
LogPluginManager: Mounting plugin RuntimePhysXCooking
LogPluginManager: Mounting plugin Synthesis
LogPluginManager: Mounting plugin WebMMoviePlayer
LogPluginManager: Mounting plugin WindowsMoviePlayer
LogPluginManager: Mounting plugin ScreenshotTools
LogPluginManager: Mounting plugin Takes
LogPluginManager: Mounting plugin ContentBrowserAssetDataSource
LogPluginManager: Mounting plugin ContentBrowserClassDataSource
LogPluginManager: Mounting plugin ContentBrowserFileDataSource
LogPluginManager: Mounting plugin OnlineSubsystemGooglePlay
LogPluginManager: Mounting plugin OnlineSubsystemIOS
LogPluginManager: Mounting plugin OculusVR
LogPluginManager: Mounting plugin SteamVR
PixWinPlugin: PIX capture plugin failed to initialize! Check that the process is launched from PIX.
LogInit: Using libcurl 7.55.1-DEV
LogInit:  - built for x86_64-pc-win32
LogInit:  - supports SSL with OpenSSL/1.1.1
LogInit:  - supports HTTP deflate (compression) using libz 1.2.8
LogInit:  - other features:
LogInit:      CURL_VERSION_SSL
LogInit:      CURL_VERSION_LIBZ
LogInit:      CURL_VERSION_IPV6
LogInit:      CURL_VERSION_ASYNCHDNS
LogInit:      CURL_VERSION_LARGEFILE
LogInit:      CURL_VERSION_IDN
LogInit:  CurlRequestOptions (configurable via config and command line):
LogInit:  - bVerifyPeer = true  - Libcurl will verify peer certificate
LogInit:  - bUseHttpProxy = false  - Libcurl will NOT use HTTP proxy
LogInit:  - bDontReuseConnections = false  - Libcurl will reuse connections
LogInit:  - MaxHostConnections = 16  - Libcurl will limit the number of connections to a host
LogInit:  - LocalHostAddr = Default
LogInit:  - BufferSize = 65536
LogOnline: OSS: Creating online subsystem instance for: NULL
LogInit: WinSock: version 1.1 (2.2), MaxSocks=32767, MaxUdp=65467
LogOnline: OSS: TryLoadSubsystemAndSetDefault: Loaded subsystem for module [NULL]
LogOculusPluginWrapper: OculusPlugin initialized successfully
LogHMD: Failed initializing OVRPlugin 1.59.0
LogInit: Build: ++UE4+Release-4.27-CL-18319896
LogInit: Engine Version: 4.27.2-18319896+++UE4+Release-4.27
LogInit: Compatible Engine Version: 4.27.0-17155196+++UE4+Release-4.27
LogInit: Net CL: 17155196
LogInit: OS: Windows 10 (Release 2009) (), CPU: AMD Ryzen 5 2600 Six-Core Processor            , GPU: NVIDIA GeForce GTX 970
LogInit: Compiled (64-bit): Nov 30 2021 07:12:08
LogInit: Compiled with Visual C++: 19.24.28315.00
LogInit: Build Configuration: Development
LogInit: Branch Name: ++UE4+Release-4.27
LogInit: Command Line: 
LogInit: Base Directory: E:/New folder/New folder/unreal/UE_4.27/Engine/Binaries/Win64/
LogInit: Allocator: TBB
LogInit: Installed Engine Build: 1
LogDevObjectVersion: Number of dev versions registered: 29
LogDevObjectVersion:   Dev-Blueprints (B0D832E4-1F89-4F0D-ACCF-7EB736FD4AA2): 10
LogDevObjectVersion:   Dev-Build (E1C64328-A22C-4D53-A36C-8E866417BD8C): 0
LogDevObjectVersion:   Dev-Core (375EC13C-06E4-48FB-B500-84F0262A717E): 4
LogDevObjectVersion:   Dev-Editor (E4B068ED-F494-42E9-A231-DA0B2E46BB41): 40
LogDevObjectVersion:   Dev-Framework (CFFC743F-43B0-4480-9391-14DF171D2073): 37
LogDevObjectVersion:   Dev-Mobile (B02B49B5-BB20-44E9-A304-32B752E40360): 3
LogDevObjectVersion:   Dev-Networking (A4E4105C-59A1-49B5-A7C5-40C4547EDFEE): 0
LogDevObjectVersion:   Dev-Online (39C831C9-5AE6-47DC-9A44-9C173E1C8E7C): 0
LogDevObjectVersion:   Dev-Physics (78F01B33-EBEA-4F98-B9B4-84EACCB95AA2): 14
LogDevObjectVersion:   Dev-Platform (6631380F-2D4D-43E0-8009-CF276956A95A): 0
LogDevObjectVersion:   Dev-Rendering (12F88B9F-8875-4AFC-A67C-D90C383ABD29): 45
LogDevObjectVersion:   Dev-Sequencer (7B5AE74C-D270-4C10-A958-57980B212A5A): 13
LogDevObjectVersion:   Dev-VR (D7296918-1DD6-4BDD-9DE2-64A83CC13884): 3
LogDevObjectVersion:   Dev-LoadTimes (C2A15278-BFE7-4AFE-6C17-90FF531DF755): 1
LogDevObjectVersion:   Private-Geometry (6EACA3D4-40EC-4CC1-B786-8BED09428FC5): 3
LogDevObjectVersion:   Dev-AnimPhys (29E575DD-E0A3-4627-9D10-D276232CDCEA): 17
LogDevObjectVersion:   Dev-Anim (AF43A65D-7FD3-4947-9873-3E8ED9C1BB05): 15
LogDevObjectVersion:   Dev-ReflectionCapture (6B266CEC-1EC7-4B8F-A30B-E4D90942FC07): 1
LogDevObjectVersion:   Dev-Automation (0DF73D61-A23F-47EA-B727-89E90C41499A): 1
LogDevObjectVersion:   FortniteMain (601D1886-AC64-4F84-AA16-D3DE0DEAC7D6): 47
LogDevObjectVersion:   FortniteRelease (E7086368-6B23-4C58-8439-1B7016265E91): 1
LogDevObjectVersion:   Dev-Enterprise (9DFFBCD6-494F-0158-E221-12823C92A888): 10
LogDevObjectVersion:   Dev-Niagara (F2AED0AC-9AFE-416F-8664-AA7FFA26D6FC): 1
LogDevObjectVersion:   Dev-Destruction (174F1F0B-B4C6-45A5-B13F-2EE8D0FB917D): 10
LogDevObjectVersion:   Dev-Physics-Ext (35F94A83-E258-406C-A318-09F59610247C): 41
LogDevObjectVersion:   Dev-PhysicsMaterial-Chaos (B68FC16E-8B1B-42E2-B453-215C058844FE): 1
LogDevObjectVersion:   Dev-CineCamera (B2E18506-4273-CFC2-A54E-F4BB758BBA07): 1
LogDevObjectVersion:   Dev-VirtualProduction (64F58936-FD1B-42BA-BA96-7289D5D0FA4E): 1
LogDevObjectVersion:   Dev-MediaFramework (6F0ED827-A609-4895-9C91-998D90180EA4): 2
LogInit: Presizing for max 25165824 objects, including 0 objects not considered by GC, pre-allocating 0 bytes for permanent pool.
LogConfig: Applying CVar settings from Section [/Script/Engine.StreamingSettings] File [E:/chris animation/3DWORK/wednsday-3D/Saved/Config/Windows/Engine.ini]
LogConfig: Setting CVar [[s.MinBulkDataSizeForAsyncLoading:131072]]
LogConfig: Setting CVar [[s.AsyncLoadingThreadEnabled:0]]
LogConfig: Setting CVar [[s.EventDrivenLoaderEnabled:1]]
LogConfig: Setting CVar [[s.WarnIfTimeLimitExceeded:0]]
LogConfig: Setting CVar [[s.TimeLimitExceededMultiplier:1.5]]
LogConfig: Setting CVar [[s.TimeLimitExceededMinTime:0.005]]
LogConfig: Setting CVar [[s.UseBackgroundLevelStreaming:1]]
LogConfig: Setting CVar [[s.PriorityAsyncLoadingExtraTime:15.0]]
LogConfig: Setting CVar [[s.LevelStreamingActorsUpdateTimeLimit:5.0]]
LogConfig: Setting CVar [[s.PriorityLevelStreamingActorsUpdateExtraTime:5.0]]
LogConfig: Setting CVar [[s.LevelStreamingComponentsRegistrationGranularity:10]]
LogConfig: Setting CVar [[s.UnregisterComponentsTimeLimit:1.0]]
LogConfig: Setting CVar [[s.LevelStreamingComponentsUnregistrationGranularity:5]]
LogConfig: Setting CVar [[s.FlushStreamingOnExit:1]]
LogInit: Object subsystem initialized
LogConfig: Setting CVar [[con.DebugEarlyDefault:1]]
LogConfig: Setting CVar [[r.setres:1280x720]]
[2022.11.24-19.49.32:048][  0]LogConfig: Setting CVar [[r.VSync:0]]
[2022.11.24-19.49.32:048][  0]LogConfig: Setting CVar [[r.RHICmdBypass:0]]
[2022.11.24-19.49.32:048][  0]LogConfig: Applying CVar settings from Section [/Script/Engine.RendererSettings] File [E:/chris animation/3DWORK/wednsday-3D/Saved/Config/Windows/Engine.ini]
[2022.11.24-19.49.32:048][  0]LogConfig: Setting CVar [[r.GPUCrashDebugging:0]]
[2022.11.24-19.49.32:048][  0]LogConfig: Applying CVar settings from Section [/Script/Engine.RendererOverrideSettings] File [E:/chris animation/3DWORK/wednsday-3D/Saved/Config/Windows/Engine.ini]
[2022.11.24-19.49.32:048][  0]LogConfig: Applying CVar settings from Section [/Script/Engine.StreamingSettings] File [E:/chris animation/3DWORK/wednsday-3D/Saved/Config/Windows/Engine.ini]
[2022.11.24-19.49.32:048][  0]LogConfig: Setting CVar [[s.MinBulkDataSizeForAsyncLoading:131072]]
[2022.11.24-19.49.32:048][  0]LogConfig: Setting CVar [[s.AsyncLoadingThreadEnabled:0]]
[2022.11.24-19.49.32:048][  0]LogConfig: Setting CVar [[s.EventDrivenLoaderEnabled:1]]
[2022.11.24-19.49.32:048][  0]LogConfig: Setting CVar [[s.WarnIfTimeLimitExceeded:0]]
[2022.11.24-19.49.32:048][  0]LogConfig: Setting CVar [[s.TimeLimitExceededMultiplier:1.5]]
[2022.11.24-19.49.32:048][  0]LogConfig: Setting CVar [[s.TimeLimitExceededMinTime:0.005]]
[2022.11.24-19.49.32:048][  0]LogConfig: Setting CVar [[s.UseBackgroundLevelStreaming:1]]
[2022.11.24-19.49.32:048][  0]LogConfig: Setting CVar [[s.PriorityAsyncLoadingExtraTime:15.0]]
[2022.11.24-19.49.32:048][  0]LogConfig: Setting CVar [[s.LevelStreamingActorsUpdateTimeLimit:5.0]]
[2022.11.24-19.49.32:048][  0]LogConfig: Setting CVar [[s.PriorityLevelStreamingActorsUpdateExtraTime:5.0]]
[2022.11.24-19.49.32:048][  0]LogConfig: Setting CVar [[s.LevelStreamingComponentsRegistrationGranularity:10]]
[2022.11.24-19.49.32:048][  0]LogConfig: Setting CVar [[s.UnregisterComponentsTimeLimit:1.0]]
[2022.11.24-19.49.32:048][  0]LogConfig: Setting CVar [[s.LevelStreamingComponentsUnregistrationGranularity:5]]
[2022.11.24-19.49.32:048][  0]LogConfig: Setting CVar [[s.FlushStreamingOnExit:1]]
[2022.11.24-19.49.32:048][  0]LogConfig: Applying CVar settings from Section [/Script/Engine.GarbageCollectionSettings] File [E:/chris animation/3DWORK/wednsday-3D/Saved/Config/Windows/Engine.ini]
[2022.11.24-19.49.32:048][  0]LogConfig: Setting CVar [[gc.MaxObjectsNotConsideredByGC:1]]
[2022.11.24-19.49.32:048][  0]LogConfig: Setting CVar [[gc.SizeOfPermanentObjectPool:0]]
[2022.11.24-19.49.32:048][  0]LogConfig: Setting CVar [[gc.FlushStreamingOnGC:0]]
[2022.11.24-19.49.32:048][  0]LogConfig: Setting CVar [[gc.NumRetriesBeforeForcingGC:10]]
[2022.11.24-19.49.32:048][  0]LogConfig: Setting CVar [[gc.AllowParallelGC:1]]
[2022.11.24-19.49.32:048][  0]LogConfig: Setting CVar [[gc.TimeBetweenPurgingPendingKillObjects:61.1]]
[2022.11.24-19.49.32:048][  0]LogConfig: Setting CVar [[gc.MaxObjectsInEditor:25165824]]
[2022.11.24-19.49.32:048][  0]LogConfig: Setting CVar [[gc.IncrementalBeginDestroyEnabled:1]]
[2022.11.24-19.49.32:048][  0]LogConfig: Setting CVar [[gc.CreateGCClusters:1]]
[2022.11.24-19.49.32:048][  0]LogConfig: Setting CVar [[gc.MinGCClusterSize:5]]
[2022.11.24-19.49.32:048][  0]LogConfig: Setting CVar [[gc.ActorClusteringEnabled:0]]
[2022.11.24-19.49.32:048][  0]LogConfig: Setting CVar [[gc.BlueprintClusteringEnabled:0]]
[2022.11.24-19.49.32:048][  0]LogConfig: Setting CVar [[gc.UseDisregardForGCOnDedicatedServers:0]]
[2022.11.24-19.49.32:048][  0]LogConfig: Setting CVar [[gc.MultithreadedDestructionEnabled:1]]
[2022.11.24-19.49.32:048][  0]LogConfig: Applying CVar settings from Section [/Script/Engine.NetworkSettings] File [E:/chris animation/3DWORK/wednsday-3D/Saved/Config/Windows/Engine.ini]
[2022.11.24-19.49.32:048][  0]LogConfig: Applying CVar settings from Section [/Script/UnrealEd.CookerSettings] File [E:/chris animation/3DWORK/wednsday-3D/Saved/Config/Windows/Engine.ini]
[2022.11.24-19.49.32:062][  0]LogConfig: Applying CVar settings from Section [ViewDistanceQuality@3] File [E:/chris animation/3DWORK/wednsday-3D/Saved/Config/Windows/Scalability.ini]
[2022.11.24-19.49.32:062][  0]LogConfig: Setting CVar [[r.SkeletalMeshLODBias:0]]
[2022.11.24-19.49.32:062][  0]LogConfig: Setting CVar [[r.ViewDistanceScale:1.0]]
[2022.11.24-19.49.32:062][  0]LogConfig: Applying CVar settings from Section [AntiAliasingQuality@3] File [E:/chris animation/3DWORK/wednsday-3D/Saved/Config/Windows/Scalability.ini]
[2022.11.24-19.49.32:062][  0]LogConfig: Setting CVar [[r.PostProcessAAQuality:4]]
[2022.11.24-19.49.32:062][  0]LogConfig: Applying CVar settings from Section [ShadowQuality@3] File [E:/chris animation/3DWORK/wednsday-3D/Saved/Config/Windows/Scalability.ini]
[2022.11.24-19.49.32:062][  0]LogConfig: Setting CVar [[r.LightFunctionQuality:1]]
[2022.11.24-19.49.32:062][  0]LogConfig: Setting CVar [[r.ShadowQuality:5]]
[2022.11.24-19.49.32:062][  0]LogConfig: Setting CVar [[r.Shadow.CSM.MaxCascades:10]]
[2022.11.24-19.49.32:062][  0]LogConfig: Setting CVar [[r.Shadow.MaxResolution:2048]]
[2022.11.24-19.49.32:062][  0]LogConfig: Setting CVar [[r.Shadow.MaxCSMResolution:2048]]
[2022.11.24-19.49.32:062][  0]LogConfig: Setting CVar [[r.Shadow.RadiusThreshold:0.01]]
[2022.11.24-19.49.32:062][  0]LogConfig: Setting CVar [[r.Shadow.DistanceScale:1.0]]
[2022.11.24-19.49.32:062][  0]LogConfig: Setting CVar [[r.Shadow.CSM.TransitionScale:1.0]]
[2022.11.24-19.49.32:062][  0]LogConfig: Setting CVar [[r.Shadow.PreShadowResolutionFactor:1.0]]
[2022.11.24-19.49.32:062][  0]LogConfig: Setting CVar [[r.DistanceFieldShadowing:1]]
[2022.11.24-19.49.32:062][  0]LogConfig: Setting CVar [[r.DistanceFieldAO:1]]
[2022.11.24-19.49.32:062][  0]LogConfig: Setting CVar [[r.AOQuality:2]]
[2022.11.24-19.49.32:062][  0]LogConfig: Setting CVar [[r.VolumetricFog:1]]
[2022.11.24-19.49.32:062][  0]LogConfig: Setting CVar [[r.VolumetricFog.GridPixelSize:8]]
[2022.11.24-19.49.32:062][  0]LogConfig: Setting CVar [[r.VolumetricFog.GridSizeZ:128]]
[2022.11.24-19.49.32:062][  0]LogConfig: Setting CVar [[r.VolumetricFog.HistoryMissSupersampleCount:4]]
[2022.11.24-19.49.32:062][  0]LogConfig: Setting CVar [[r.LightMaxDrawDistanceScale:1]]
[2022.11.24-19.49.32:062][  0]LogConfig: Setting CVar [[r.CapsuleShadows:1]]
[2022.11.24-19.49.32:062][  0]LogConfig: Applying CVar settings from Section [PostProcessQuality@3] File [E:/chris animation/3DWORK/wednsday-3D/Saved/Config/Windows/Scalability.ini]
[2022.11.24-19.49.32:062][  0]LogConfig: Setting CVar [[r.MotionBlurQuality:4]]
[2022.11.24-19.49.32:062][  0]LogConfig: Setting CVar [[r.AmbientOcclusionMipLevelFactor:0.4]]
[2022.11.24-19.49.32:062][  0]LogConfig: Setting CVar [[r.AmbientOcclusionMaxQuality:100]]
[2022.11.24-19.49.32:062][  0]LogConfig: Setting CVar [[r.AmbientOcclusionLevels:-1]]
[2022.11.24-19.49.32:062][  0]LogConfig: Setting CVar [[r.AmbientOcclusionRadiusScale:1.0]]
[2022.11.24-19.49.32:062][  0]LogConfig: Setting CVar [[r.DepthOfFieldQuality:2]]
[2022.11.24-19.49.32:062][  0]LogConfig: Setting CVar [[r.RenderTargetPoolMin:400]]
[2022.11.24-19.49.32:062][  0]LogConfig: Setting CVar [[r.LensFlareQuality:2]]
[2022.11.24-19.49.32:063][  0]LogConfig: Setting CVar [[r.SceneColorFringeQuality:1]]
[2022.11.24-19.49.32:063][  0]LogConfig: Setting CVar [[r.EyeAdaptationQuality:2]]
[2022.11.24-19.49.32:063][  0]LogConfig: Setting CVar [[r.BloomQuality:5]]
[2022.11.24-19.49.32:063][  0]LogConfig: Setting CVar [[r.FastBlurThreshold:100]]
[2022.11.24-19.49.32:063][  0]LogConfig: Setting CVar [[r.Upscale.Quality:3]]
[2022.11.24-19.49.32:063][  0]LogConfig: Setting CVar [[r.Tonemapper.GrainQuantization:1]]
[2022.11.24-19.49.32:063][  0]LogConfig: Setting CVar [[r.LightShaftQuality:1]]
[2022.11.24-19.49.32:063][  0]LogConfig: Setting CVar [[r.Filter.SizeScale:1]]
[2022.11.24-19.49.32:063][  0]LogConfig: Setting CVar [[r.Tonemapper.Quality:5]]
[2022.11.24-19.49.32:063][  0]LogConfig: Setting CVar [[r.DOF.Gather.AccumulatorQuality:1        ; higher gathering accumulator quality]]
[2022.11.24-19.49.32:063][  0]LogConfig: Setting CVar [[r.DOF.Gather.PostfilterMethod:1          ; Median3x3 postfilering method]]
[2022.11.24-19.49.32:063][  0]LogConfig: Setting CVar [[r.DOF.Gather.EnableBokehSettings:0       ; no bokeh simulation when gathering]]
[2022.11.24-19.49.32:063][  0]LogConfig: Setting CVar [[r.DOF.Gather.RingCount:4                 ; medium number of samples when gathering]]
[2022.11.24-19.49.32:063][  0]LogConfig: Setting CVar [[r.DOF.Scatter.ForegroundCompositing:1    ; additive foreground scattering]]
[2022.11.24-19.49.32:063][  0]LogConfig: Setting CVar [[r.DOF.Scatter.BackgroundCompositing:2    ; additive background scattering]]
[2022.11.24-19.49.32:063][  0]LogConfig: Setting CVar [[r.DOF.Scatter.EnableBokehSettings:1      ; bokeh simulation when scattering]]
[2022.11.24-19.49.32:063][  0]LogConfig: Setting CVar [[r.DOF.Scatter.MaxSpriteRatio:0.1         ; only a maximum of 10% of scattered bokeh]]
[2022.11.24-19.49.32:063][  0]LogConfig: Setting CVar [[r.DOF.Recombine.Quality:1                ; cheap slight out of focus]]
[2022.11.24-19.49.32:063][  0]LogConfig: Setting CVar [[r.DOF.Recombine.EnableBokehSettings:0    ; no bokeh simulation on slight out of focus]]
[2022.11.24-19.49.32:063][  0]LogConfig: Setting CVar [[r.DOF.TemporalAAQuality:1                ; more stable temporal accumulation]]
[2022.11.24-19.49.32:063][  0]LogConfig: Setting CVar [[r.DOF.Kernel.MaxForegroundRadius:0.025]]
[2022.11.24-19.49.32:063][  0]LogConfig: Setting CVar [[r.DOF.Kernel.MaxBackgroundRadius:0.025]]
[2022.11.24-19.49.32:063][  0]LogConfig: Applying CVar settings from Section [TextureQuality@3] File [E:/chris animation/3DWORK/wednsday-3D/Saved/Config/Windows/Scalability.ini]
[2022.11.24-19.49.32:063][  0]LogConfig: Setting CVar [[r.Streaming.MipBias:0]]
[2022.11.24-19.49.32:063][  0]LogConfig: Setting CVar [[r.Streaming.AmortizeCPUToGPUCopy:0]]
[2022.11.24-19.49.32:063][  0]LogConfig: Setting CVar [[r.Streaming.MaxNumTexturesToStreamPerFrame:0]]
[2022.11.24-19.49.32:063][  0]LogConfig: Setting CVar [[r.Streaming.Boost:1]]
[2022.11.24-19.49.32:063][  0]LogConfig: Setting CVar [[r.MaxAnisotropy:8]]
[2022.11.24-19.49.32:063][  0]LogConfig: Setting CVar [[r.VT.MaxAnisotropy:8]]
[2022.11.24-19.49.32:063][  0]LogConfig: Setting CVar [[r.Streaming.LimitPoolSizeToVRAM:0]]
[2022.11.24-19.49.32:063][  0]LogConfig: Setting CVar [[r.Streaming.PoolSize:1000]]
[2022.11.24-19.49.32:063][  0]LogConfig: Setting CVar [[r.Streaming.MaxEffectiveScreenSize:0]]
[2022.11.24-19.49.32:063][  0]LogConfig: Applying CVar settings from Section [EffectsQuality@3] File [E:/chris animation/3DWORK/wednsday-3D/Saved/Config/Windows/Scalability.ini]
[2022.11.24-19.49.32:063][  0]LogConfig: Setting CVar [[r.TranslucencyLightingVolumeDim:64]]
[2022.11.24-19.49.32:063][  0]LogConfig: Setting CVar [[r.RefractionQuality:2]]
[2022.11.24-19.49.32:063][  0]LogConfig: Setting CVar [[r.SSR.Quality:3]]
[2022.11.24-19.49.32:063][  0]LogConfig: Setting CVar [[r.SSR.HalfResSceneColor:0]]
[2022.11.24-19.49.32:063][  0]LogConfig: Setting CVar [[r.SceneColorFormat:4]]
[2022.11.24-19.49.32:063][  0]LogConfig: Setting CVar [[r.DetailMode:2]]
[2022.11.24-19.49.32:063][  0]LogConfig: Setting CVar [[r.TranslucencyVolumeBlur:1]]
[2022.11.24-19.49.32:063][  0]LogConfig: Setting CVar [[r.MaterialQualityLevel:1 ; High quality]]
[2022.11.24-19.49.32:063][  0]LogConfig: Setting CVar [[r.AnisotropicMaterials:1]]
[2022.11.24-19.49.32:063][  0]LogConfig: Setting CVar [[r.SSS.Scale:1]]
[2022.11.24-19.49.32:063][  0]LogConfig: Setting CVar [[r.SSS.SampleSet:2]]
[2022.11.24-19.49.32:063][  0]LogConfig: Setting CVar [[r.SSS.Quality:1]]
[2022.11.24-19.49.32:063][  0]LogConfig: Setting CVar [[r.SSS.HalfRes:0]]
[2022.11.24-19.49.32:063][  0]LogConfig: Setting CVar [[r.SSGI.Quality:3]]
[2022.11.24-19.49.32:063][  0]LogConfig: Setting CVar [[r.EmitterSpawnRateScale:1.0]]
[2022.11.24-19.49.32:063][  0]LogConfig: Setting CVar [[r.ParticleLightQuality:2]]
[2022.11.24-19.49.32:063][  0]LogConfig: Setting CVar [[r.SkyAtmosphere.AerialPerspectiveLUT.FastApplyOnOpaque:1 ; Always have FastSkyLUT 1 in this case to avoid wrong sky]]
[2022.11.24-19.49.32:063][  0]LogConfig: Setting CVar [[r.SkyAtmosphere.AerialPerspectiveLUT.SampleCountMaxPerSlice:4]]
[2022.11.24-19.49.32:063][  0]LogConfig: Setting CVar [[r.SkyAtmosphere.AerialPerspectiveLUT.DepthResolution:16.0]]
[2022.11.24-19.49.32:063][  0]LogConfig: Setting CVar [[r.SkyAtmosphere.FastSkyLUT:1]]
[2022.11.24-19.49.32:063][  0]LogConfig: Setting CVar [[r.SkyAtmosphere.FastSkyLUT.SampleCountMin:4.0]]
[2022.11.24-19.49.32:063][  0]LogConfig: Setting CVar [[r.SkyAtmosphere.FastSkyLUT.SampleCountMax:128.0]]
[2022.11.24-19.49.32:063][  0]LogConfig: Setting CVar [[r.SkyAtmosphere.SampleCountMin:4.0]]
[2022.11.24-19.49.32:063][  0]LogConfig: Setting CVar [[r.SkyAtmosphere.SampleCountMax:128.0]]
[2022.11.24-19.49.32:063][  0]LogConfig: Setting CVar [[r.SkyAtmosphere.TransmittanceLUT.UseSmallFormat:0]]
[2022.11.24-19.49.32:063][  0]LogConfig: Setting CVar [[r.SkyAtmosphere.TransmittanceLUT.SampleCount:10.0]]
[2022.11.24-19.49.32:063][  0]LogConfig: Setting CVar [[r.SkyAtmosphere.MultiScatteringLUT.SampleCount:15.0]]
[2022.11.24-19.49.32:063][  0]LogConfig: Setting CVar [[r.SkyLight.RealTimeReflectionCapture:1]]
[2022.11.24-19.49.32:063][  0]LogConfig: Applying CVar settings from Section [FoliageQuality@3] File [E:/chris animation/3DWORK/wednsday-3D/Saved/Config/Windows/Scalability.ini]
[2022.11.24-19.49.32:063][  0]LogConfig: Setting CVar [[foliage.DensityScale:1.0]]
[2022.11.24-19.49.32:063][  0]LogConfig: Setting CVar [[grass.DensityScale:1.0]]
[2022.11.24-19.49.32:063][  0]LogConfig: Applying CVar settings from Section [ShadingQuality@3] File [E:/chris animation/3DWORK/wednsday-3D/Saved/Config/Windows/Scalability.ini]
[2022.11.24-19.49.32:063][  0]LogConfig: Setting CVar [[r.HairStrands.SkyLighting.IntegrationType:2]]
[2022.11.24-19.49.32:063][  0]LogConfig: Setting CVar [[r.HairStrands.SkyAO.SampleCount:4]]
[2022.11.24-19.49.32:063][  0]LogConfig: Setting CVar [[r.HairStrands.Visibility.MSAA.SamplePerPixel:4]]
[2022.11.24-19.49.32:063][  0]LogInit: Selected Device Profile: [Windows]
[2022.11.24-19.49.32:063][  0]LogInit: Applying CVar settings loaded from the selected device profile: [Windows]
[2022.11.24-19.49.32:063][  0]LogHAL: Display: Platform has ~ 16 GB [17125842944 / 17179869184 / 16], which maps to Larger [LargestMinGB=32, LargerMinGB=12, DefaultMinGB=8, SmallerMinGB=6, SmallestMinGB=0)
[2022.11.24-19.49.32:063][  0]LogInit: Going up to parent DeviceProfile []
[2022.11.24-19.49.32:064][  0]LogConfig: Applying CVar settings from Section [ViewDistanceQuality@3] File [E:/chris animation/3DWORK/wednsday-3D/Saved/Config/Windows/Scalability.ini]
[2022.11.24-19.49.32:064][  0]LogConfig: Setting CVar [[r.SkeletalMeshLODBias:0]]
[2022.11.24-19.49.32:064][  0]LogConfig: Setting CVar [[r.ViewDistanceScale:1.0]]
[2022.11.24-19.49.32:064][  0]LogConfig: Applying CVar settings from Section [AntiAliasingQuality@3] File [E:/chris animation/3DWORK/wednsday-3D/Saved/Config/Windows/Scalability.ini]
[2022.11.24-19.49.32:064][  0]LogConfig: Setting CVar [[r.PostProcessAAQuality:4]]
[2022.11.24-19.49.32:064][  0]LogConfig: Applying CVar settings from Section [ShadowQuality@3] File [E:/chris animation/3DWORK/wednsday-3D/Saved/Config/Windows/Scalability.ini]
[2022.11.24-19.49.32:064][  0]LogConfig: Setting CVar [[r.LightFunctionQuality:1]]
[2022.11.24-19.49.32:064][  0]LogConfig: Setting CVar [[r.ShadowQuality:5]]
[2022.11.24-19.49.32:064][  0]LogConfig: Setting CVar [[r.Shadow.CSM.MaxCascades:10]]
[2022.11.24-19.49.32:064][  0]LogConfig: Setting CVar [[r.Shadow.MaxResolution:2048]]
[2022.11.24-19.49.32:064][  0]LogConfig: Setting CVar [[r.Shadow.MaxCSMResolution:2048]]
[2022.11.24-19.49.32:064][  0]LogConfig: Setting CVar [[r.Shadow.RadiusThreshold:0.01]]
[2022.11.24-19.49.32:064][  0]LogConfig: Setting CVar [[r.Shadow.DistanceScale:1.0]]
[2022.11.24-19.49.32:064][  0]LogConfig: Setting CVar [[r.Shadow.CSM.TransitionScale:1.0]]
[2022.11.24-19.49.32:064][  0]LogConfig: Setting CVar [[r.Shadow.PreShadowResolutionFactor:1.0]]
[2022.11.24-19.49.32:064][  0]LogConfig: Setting CVar [[r.DistanceFieldShadowing:1]]
[2022.11.24-19.49.32:064][  0]LogConfig: Setting CVar [[r.DistanceFieldAO:1]]
[2022.11.24-19.49.32:064][  0]LogConfig: Setting CVar [[r.AOQuality:2]]
[2022.11.24-19.49.32:064][  0]LogConfig: Setting CVar [[r.VolumetricFog:1]]
[2022.11.24-19.49.32:064][  0]LogConfig: Setting CVar [[r.VolumetricFog.GridPixelSize:8]]
[2022.11.24-19.49.32:064][  0]LogConfig: Setting CVar [[r.VolumetricFog.GridSizeZ:128]]
[2022.11.24-19.49.32:064][  0]LogConfig: Setting CVar [[r.VolumetricFog.HistoryMissSupersampleCount:4]]
[2022.11.24-19.49.32:064][  0]LogConfig: Setting CVar [[r.LightMaxDrawDistanceScale:1]]
[2022.11.24-19.49.32:064][  0]LogConfig: Setting CVar [[r.CapsuleShadows:1]]
[2022.11.24-19.49.32:064][  0]LogConfig: Applying CVar settings from Section [PostProcessQuality@3] File [E:/chris animation/3DWORK/wednsday-3D/Saved/Config/Windows/Scalability.ini]
[2022.11.24-19.49.32:064][  0]LogConfig: Setting CVar [[r.MotionBlurQuality:4]]
[2022.11.24-19.49.32:064][  0]LogConfig: Setting CVar [[r.AmbientOcclusionMipLevelFactor:0.4]]
[2022.11.24-19.49.32:064][  0]LogConfig: Setting CVar [[r.AmbientOcclusionMaxQuality:100]]
[2022.11.24-19.49.32:064][  0]LogConfig: Setting CVar [[r.AmbientOcclusionLevels:-1]]
[2022.11.24-19.49.32:064][  0]LogConfig: Setting CVar [[r.AmbientOcclusionRadiusScale:1.0]]
[2022.11.24-19.49.32:064][  0]LogConfig: Setting CVar [[r.DepthOfFieldQuality:2]]
[2022.11.24-19.49.32:064][  0]LogConfig: Setting CVar [[r.RenderTargetPoolMin:400]]
[2022.11.24-19.49.32:064][  0]LogConfig: Setting CVar [[r.LensFlareQuality:2]]
[2022.11.24-19.49.32:064][  0]LogConfig: Setting CVar [[r.SceneColorFringeQuality:1]]
[2022.11.24-19.49.32:064][  0]LogConfig: Setting CVar [[r.EyeAdaptationQuality:2]]
[2022.11.24-19.49.32:064][  0]LogConfig: Setting CVar [[r.BloomQuality:5]]
[2022.11.24-19.49.32:064][  0]LogConfig: Setting CVar [[r.FastBlurThreshold:100]]
[2022.11.24-19.49.32:064][  0]LogConfig: Setting CVar [[r.Upscale.Quality:3]]
[2022.11.24-19.49.32:064][  0]LogConfig: Setting CVar [[r.Tonemapper.GrainQuantization:1]]
[2022.11.24-19.49.32:064][  0]LogConfig: Setting CVar [[r.LightShaftQuality:1]]
[2022.11.24-19.49.32:064][  0]LogConfig: Setting CVar [[r.Filter.SizeScale:1]]
[2022.11.24-19.49.32:064][  0]LogConfig: Setting CVar [[r.Tonemapper.Quality:5]]
[2022.11.24-19.49.32:064][  0]LogConfig: Setting CVar [[r.DOF.Gather.AccumulatorQuality:1        ; higher gathering accumulator quality]]
[2022.11.24-19.49.32:064][  0]LogConfig: Setting CVar [[r.DOF.Gather.PostfilterMethod:1          ; Median3x3 postfilering method]]
[2022.11.24-19.49.32:064][  0]LogConfig: Setting CVar [[r.DOF.Gather.EnableBokehSettings:0       ; no bokeh simulation when gathering]]
[2022.11.24-19.49.32:064][  0]LogConfig: Setting CVar [[r.DOF.Gather.RingCount:4                 ; medium number of samples when gathering]]
[2022.11.24-19.49.32:064][  0]LogConfig: Setting CVar [[r.DOF.Scatter.ForegroundCompositing:1    ; additive foreground scattering]]
[2022.11.24-19.49.32:064][  0]LogConfig: Setting CVar [[r.DOF.Scatter.BackgroundCompositing:2    ; additive background scattering]]
[2022.11.24-19.49.32:064][  0]LogConfig: Setting CVar [[r.DOF.Scatter.EnableBokehSettings:1      ; bokeh simulation when scattering]]
[2022.11.24-19.49.32:064][  0]LogConfig: Setting CVar [[r.DOF.Scatter.MaxSpriteRatio:0.1         ; only a maximum of 10% of scattered bokeh]]
[2022.11.24-19.49.32:064][  0]LogConfig: Setting CVar [[r.DOF.Recombine.Quality:1                ; cheap slight out of focus]]
[2022.11.24-19.49.32:064][  0]LogConfig: Setting CVar [[r.DOF.Recombine.EnableBokehSettings:0    ; no bokeh simulation on slight out of focus]]
[2022.11.24-19.49.32:064][  0]LogConfig: Setting CVar [[r.DOF.TemporalAAQuality:1                ; more stable temporal accumulation]]
[2022.11.24-19.49.32:064][  0]LogConfig: Setting CVar [[r.DOF.Kernel.MaxForegroundRadius:0.025]]
[2022.11.24-19.49.32:064][  0]LogConfig: Setting CVar [[r.DOF.Kernel.MaxBackgroundRadius:0.025]]
[2022.11.24-19.49.32:064][  0]LogConfig: Applying CVar settings from Section [TextureQuality@3] File [E:/chris animation/3DWORK/wednsday-3D/Saved/Config/Windows/Scalability.ini]
[2022.11.24-19.49.32:064][  0]LogConfig: Setting CVar [[r.Streaming.MipBias:0]]
[2022.11.24-19.49.32:064][  0]LogConfig: Setting CVar [[r.Streaming.AmortizeCPUToGPUCopy:0]]
[2022.11.24-19.49.32:064][  0]LogConfig: Setting CVar [[r.Streaming.MaxNumTexturesToStreamPerFrame:0]]
[2022.11.24-19.49.32:064][  0]LogConfig: Setting CVar [[r.Streaming.Boost:1]]
[2022.11.24-19.49.32:064][  0]LogConfig: Setting CVar [[r.MaxAnisotropy:8]]
[2022.11.24-19.49.32:064][  0]LogConfig: Setting CVar [[r.VT.MaxAnisotropy:8]]
[2022.11.24-19.49.32:064][  0]LogConfig: Setting CVar [[r.Streaming.LimitPoolSizeToVRAM:0]]
[2022.11.24-19.49.32:064][  0]LogConfig: Setting CVar [[r.Streaming.PoolSize:1000]]
[2022.11.24-19.49.32:064][  0]LogConfig: Setting CVar [[r.Streaming.MaxEffectiveScreenSize:0]]
[2022.11.24-19.49.32:064][  0]LogConfig: Applying CVar settings from Section [EffectsQuality@3] File [E:/chris animation/3DWORK/wednsday-3D/Saved/Config/Windows/Scalability.ini]
[2022.11.24-19.49.32:064][  0]LogConfig: Setting CVar [[r.TranslucencyLightingVolumeDim:64]]
[2022.11.24-19.49.32:064][  0]LogConfig: Setting CVar [[r.RefractionQuality:2]]
[2022.11.24-19.49.32:064][  0]LogConfig: Setting CVar [[r.SSR.Quality:3]]
[2022.11.24-19.49.32:064][  0]LogConfig: Setting CVar [[r.SSR.HalfResSceneColor:0]]
[2022.11.24-19.49.32:064][  0]LogConfig: Setting CVar [[r.SceneColorFormat:4]]
[2022.11.24-19.49.32:064][  0]LogConfig: Setting CVar [[r.DetailMode:2]]
[2022.11.24-19.49.32:064][  0]LogConfig: Setting CVar [[r.TranslucencyVolumeBlur:1]]
[2022.11.24-19.49.32:064][  0]LogConfig: Setting CVar [[r.MaterialQualityLevel:1 ; High quality]]
[2022.11.24-19.49.32:064][  0]LogConfig: Setting CVar [[r.AnisotropicMaterials:1]]
[2022.11.24-19.49.32:064][  0]LogConfig: Setting CVar [[r.SSS.Scale:1]]
[2022.11.24-19.49.32:064][  0]LogConfig: Setting CVar [[r.SSS.SampleSet:2]]
[2022.11.24-19.49.32:064][  0]LogConfig: Setting CVar [[r.SSS.Quality:1]]
[2022.11.24-19.49.32:065][  0]LogConfig: Setting CVar [[r.SSS.HalfRes:0]]
[2022.11.24-19.49.32:065][  0]LogConfig: Setting CVar [[r.SSGI.Quality:3]]
[2022.11.24-19.49.32:065][  0]LogConfig: Setting CVar [[r.EmitterSpawnRateScale:1.0]]
[2022.11.24-19.49.32:065][  0]LogConfig: Setting CVar [[r.ParticleLightQuality:2]]
[2022.11.24-19.49.32:065][  0]LogConfig: Setting CVar [[r.SkyAtmosphere.AerialPerspectiveLUT.FastApplyOnOpaque:1 ; Always have FastSkyLUT 1 in this case to avoid wrong sky]]
[2022.11.24-19.49.32:065][  0]LogConfig: Setting CVar [[r.SkyAtmosphere.AerialPerspectiveLUT.SampleCountMaxPerSlice:4]]
[2022.11.24-19.49.32:065][  0]LogConfig: Setting CVar [[r.SkyAtmosphere.AerialPerspectiveLUT.DepthResolution:16.0]]
[2022.11.24-19.49.32:065][  0]LogConfig: Setting CVar [[r.SkyAtmosphere.FastSkyLUT:1]]
[2022.11.24-19.49.32:065][  0]LogConfig: Setting CVar [[r.SkyAtmosphere.FastSkyLUT.SampleCountMin:4.0]]
[2022.11.24-19.49.32:065][  0]LogConfig: Setting CVar [[r.SkyAtmosphere.FastSkyLUT.SampleCountMax:128.0]]
[2022.11.24-19.49.32:065][  0]LogConfig: Setting CVar [[r.SkyAtmosphere.SampleCountMin:4.0]]
[2022.11.24-19.49.32:065][  0]LogConfig: Setting CVar [[r.SkyAtmosphere.SampleCountMax:128.0]]
[2022.11.24-19.49.32:065][  0]LogConfig: Setting CVar [[r.SkyAtmosphere.TransmittanceLUT.UseSmallFormat:0]]
[2022.11.24-19.49.32:065][  0]LogConfig: Setting CVar [[r.SkyAtmosphere.TransmittanceLUT.SampleCount:10.0]]
[2022.11.24-19.49.32:065][  0]LogConfig: Setting CVar [[r.SkyAtmosphere.MultiScatteringLUT.SampleCount:15.0]]
[2022.11.24-19.49.32:065][  0]LogConfig: Setting CVar [[r.SkyLight.RealTimeReflectionCapture:1]]
[2022.11.24-19.49.32:065][  0]LogConfig: Applying CVar settings from Section [FoliageQuality@3] File [E:/chris animation/3DWORK/wednsday-3D/Saved/Config/Windows/Scalability.ini]
[2022.11.24-19.49.32:065][  0]LogConfig: Setting CVar [[foliage.DensityScale:1.0]]
[2022.11.24-19.49.32:065][  0]LogConfig: Setting CVar [[grass.DensityScale:1.0]]
[2022.11.24-19.49.32:065][  0]LogConfig: Applying CVar settings from Section [ShadingQuality@3] File [E:/chris animation/3DWORK/wednsday-3D/Saved/Config/Windows/Scalability.ini]
[2022.11.24-19.49.32:065][  0]LogConfig: Setting CVar [[r.HairStrands.SkyLighting.IntegrationType:2]]
[2022.11.24-19.49.32:065][  0]LogConfig: Setting CVar [[r.HairStrands.SkyAO.SampleCount:4]]
[2022.11.24-19.49.32:065][  0]LogConfig: Setting CVar [[r.HairStrands.Visibility.MSAA.SamplePerPixel:4]]
[2022.11.24-19.49.32:065][  0]LogConfig: Applying CVar settings from Section [Startup] File [../../../Engine/Config/ConsoleVariables.ini]
[2022.11.24-19.49.32:065][  0]LogConfig: Setting CVar [[net.UseAdaptiveNetUpdateFrequency:0]]
[2022.11.24-19.49.32:065][  0]LogConfig: Setting CVar [[p.chaos.AllowCreatePhysxBodies:1]]
[2022.11.24-19.49.32:065][  0]LogConfig: Setting CVar [[fx.SkipVectorVMBackendOptimizations:1]]
[2022.11.24-19.49.32:065][  0]LogConfig: Applying CVar settings from Section [ConsoleVariables] File [E:/chris animation/3DWORK/wednsday-3D/Saved/Config/Windows/Engine.ini]
[2022.11.24-19.49.32:065][  0]LogConfig: Applying CVar settings from Section [ConsoleVariables] File [E:/chris animation/3DWORK/wednsday-3D/Saved/Config/Windows/Editor.ini]
[2022.11.24-19.49.32:065][  0]LogInit: Computer: LIAMSPC
[2022.11.24-19.49.32:065][  0]LogInit: User: Liam
[2022.11.24-19.49.32:065][  0]LogInit: CPU Page size=4096, Cores=6
[2022.11.24-19.49.32:065][  0]LogInit: High frequency timer resolution =10.000000 MHz
[2022.11.24-19.49.32:065][  0]LogMemory: Memory total: Physical=15.9GB (16GB approx)
[2022.11.24-19.49.32:065][  0]LogMemory: Platform Memory Stats for Windows
[2022.11.24-19.49.32:065][  0]LogMemory: Process Physical Memory: 147.52 MB used, 147.52 MB peak
[2022.11.24-19.49.32:065][  0]LogMemory: Process Virtual Memory: 130.55 MB used, 130.55 MB peak
[2022.11.24-19.49.32:065][  0]LogMemory: Physical Memory: 7902.98 MB used,  8429.49 MB free, 16332.48 MB total
[2022.11.24-19.49.32:065][  0]LogMemory: Virtual Memory: 134195992.00 MB used,  21738.11 MB free, 134217728.00 MB total
[2022.11.24-19.49.32:074][  0]LogWindows: WindowsPlatformFeatures enabled
[2022.11.24-19.49.32:153][  0]LogInit: Physics initialised using underlying interface: PhysX
[2022.11.24-19.49.32:155][  0]LogInit: Using OS detected language (en-GB).
[2022.11.24-19.49.32:155][  0]LogInit: Using OS detected locale (en-GB).
[2022.11.24-19.49.32:167][  0]LogTextLocalizationManager: No specific localization for 'en-GB' exists, so the 'en' localization will be used.
[2022.11.24-19.49.32:370][  0]LogInit: Setting process to per monitor DPI aware
[2022.11.24-19.49.32:384][  0]LogWindowsTextInputMethodSystem: Display: IME system deactivated.
[2022.11.24-19.49.32:404][  0]LogSlate: New Slate User Created.  User Index 0, Is Virtual User: 0
[2022.11.24-19.49.32:404][  0]LogSlate: Slate User Registered.  User Index 0, Is Virtual User: 0
[2022.11.24-19.49.32:668][  0]LogD3D11RHI: Loaded GFSDK_Aftermath_Lib.x64.dll
[2022.11.24-19.49.32:672][  0]LogHMD: Failed to initialize OpenVR with code 110
[2022.11.24-19.49.32:672][  0]LogD3D11RHI: D3D11 min allowed feature level: 11_0
[2022.11.24-19.49.32:672][  0]LogD3D11RHI: D3D11 max allowed feature level: 11_0
[2022.11.24-19.49.32:672][  0]LogD3D11RHI: D3D11 adapters:
[2022.11.24-19.49.32:808][  0]LogD3D11RHI:    0. 'NVIDIA GeForce GTX 970' (Feature Level 11_0)
[2022.11.24-19.49.32:808][  0]LogD3D11RHI:       4043/0/8166 MB DedicatedVideo/DedicatedSystem/SharedSystem, Outputs:2, VendorId:0x10de
[2022.11.24-19.49.32:811][  0]LogD3D11RHI:    1. 'Microsoft Basic Render Driver' (Feature Level 11_0)
[2022.11.24-19.49.32:811][  0]LogD3D11RHI:       0/0/8166 MB DedicatedVideo/DedicatedSystem/SharedSystem, Outputs:0, VendorId:0x1414
[2022.11.24-19.49.32:811][  0]LogD3D11RHI: Chosen D3D11 Adapter:
[2022.11.24-19.49.32:811][  0]LogD3D11RHI:     Description : NVIDIA GeForce GTX 970
[2022.11.24-19.49.32:811][  0]LogD3D11RHI:     VendorId    : 10de
[2022.11.24-19.49.32:811][  0]LogD3D11RHI:     DeviceId    : 13c2
[2022.11.24-19.49.32:811][  0]LogD3D11RHI:     SubSysId    : 85081043
[2022.11.24-19.49.32:811][  0]LogD3D11RHI:     Revision    : 00a1
[2022.11.24-19.49.32:811][  0]LogD3D11RHI:     DedicatedVideoMemory : 4239654912 bytes
[2022.11.24-19.49.32:811][  0]LogD3D11RHI:     DedicatedSystemMemory : 0 bytes
[2022.11.24-19.49.32:811][  0]LogD3D11RHI:     SharedSystemMemory : 8562921472 bytes
[2022.11.24-19.49.32:811][  0]LogD3D11RHI:     AdapterLuid : 0 76247
[2022.11.24-19.49.32:819][  0]LogD3D11RHI: Creating new Direct3DDevice
[2022.11.24-19.49.32:819][  0]LogD3D11RHI:     GPU DeviceId: 0x13c2 (for the marketing name, search the web for "GPU Device Id")
[2022.11.24-19.49.32:819][  0]LogWindows: EnumDisplayDevices:
[2022.11.24-19.49.32:819][  0]LogWindows:    0. 'NVIDIA GeForce GTX 970' (P:0 D:1)
[2022.11.24-19.49.32:819][  0]LogWindows:    1. 'NVIDIA GeForce GTX 970' (P:1 D:1)
[2022.11.24-19.49.32:820][  0]LogWindows:    2. 'NVIDIA GeForce GTX 970' (P:0 D:0)
[2022.11.24-19.49.32:820][  0]LogWindows:    3. 'NVIDIA GeForce GTX 970' (P:0 D:0)
[2022.11.24-19.49.32:820][  0]LogWindows: DebugString: FoundDriverCount:4 
[2022.11.24-19.49.32:820][  0]LogD3D11RHI:     Adapter Name: NVIDIA GeForce GTX 970
[2022.11.24-19.49.32:820][  0]LogD3D11RHI:   Driver Version: 516.94 (internal:31.0.15.1694, unified:516.94)
[2022.11.24-19.49.32:820][  0]LogD3D11RHI:      Driver Date: 7-21-2022
[2022.11.24-19.49.32:820][  0]LogRHI: Texture pool is 2830 MB (70% of 4043 MB)
[2022.11.24-19.49.32:820][  0]LogD3D11RHI: Creating D3DDevice using adapter:
[2022.11.24-19.49.32:820][  0]LogD3D11RHI:     Description : NVIDIA GeForce GTX 970
[2022.11.24-19.49.32:820][  0]LogD3D11RHI:     VendorId    : 10de
[2022.11.24-19.49.32:820][  0]LogD3D11RHI:     DeviceId    : 13c2
[2022.11.24-19.49.32:820][  0]LogD3D11RHI:     SubSysId    : 85081043
[2022.11.24-19.49.32:820][  0]LogD3D11RHI:     Revision    : 00a1
[2022.11.24-19.49.32:820][  0]LogD3D11RHI:     DedicatedVideoMemory : 4239654912 bytes
[2022.11.24-19.49.32:820][  0]LogD3D11RHI:     DedicatedSystemMemory : 0 bytes
[2022.11.24-19.49.32:820][  0]LogD3D11RHI:     SharedSystemMemory : 8562921472 bytes
[2022.11.24-19.49.32:820][  0]LogD3D11RHI:     AdapterLuid : 0 76247
[2022.11.24-19.49.32:894][  0]LogD3D11RHI: RHI has support for 64 bit atomics
[2022.11.24-19.49.32:895][  0]LogD3D11RHI: Async texture creation enabled
[2022.11.24-19.49.32:895][  0]LogD3D11RHI: Array index from any shader is supported
[2022.11.24-19.49.32:914][  0]LogD3D11RHI: GPU Timing Frequency: 1000.000000 (Debug: 2 1)
[2022.11.24-19.49.32:994][  0]LogRHI: GeForceNow SDK initialized: 1
[2022.11.24-19.49.33:557][  0]LogTargetPlatformManager: Display: Loaded TargetPlatform 'AllDesktop'
[2022.11.24-19.49.33:586][  0]LogTargetPlatformManager: Display: Loaded TargetPlatform 'Android'
[2022.11.24-19.49.33:586][  0]LogTargetPlatformManager: Display: Loaded TargetPlatform 'Android_ASTC'
[2022.11.24-19.49.33:586][  0]LogTargetPlatformManager: Display: Loaded TargetPlatform 'Android_DXT'
[2022.11.24-19.49.33:586][  0]LogTargetPlatformManager: Display: Loaded TargetPlatform 'Android_ETC2'
[2022.11.24-19.49.33:586][  0]LogTargetPlatformManager: Display: Loaded TargetPlatform 'AndroidClient'
[2022.11.24-19.49.33:586][  0]LogTargetPlatformManager: Display: Loaded TargetPlatform 'Android_ASTCClient'
[2022.11.24-19.49.33:586][  0]LogTargetPlatformManager: Display: Loaded TargetPlatform 'Android_DXTClient'
[2022.11.24-19.49.33:586][  0]LogTargetPlatformManager: Display: Loaded TargetPlatform 'Android_ETC2Client'
[2022.11.24-19.49.33:586][  0]LogTargetPlatformManager: Display: Loaded TargetPlatform 'Android_Multi'
[2022.11.24-19.49.33:586][  0]LogTargetPlatformManager: Display: Loaded TargetPlatform 'Android_MultiClient'
[2022.11.24-19.49.33:613][  0]LogTargetPlatformManager: Display: Loaded TargetPlatform 'IOSClient'
[2022.11.24-19.49.33:613][  0]LogTargetPlatformManager: Display: Loaded TargetPlatform 'IOS'
[2022.11.24-19.49.33:629][  0]LogTargetPlatformManager: Display: Loaded TargetPlatform 'Linux'
[2022.11.24-19.49.33:636][  0]LogTargetPlatformManager: Display: Loaded TargetPlatform 'LinuxNoEditor'
[2022.11.24-19.49.33:642][  0]LogTargetPlatformManager: Display: Loaded TargetPlatform 'LinuxClient'
[2022.11.24-19.49.33:649][  0]LogTargetPlatformManager: Display: Loaded TargetPlatform 'LinuxServer'
[2022.11.24-19.49.33:665][  0]LogTargetPlatformManager: Display: Loaded TargetPlatform 'LinuxAArch64NoEditor'
[2022.11.24-19.49.33:671][  0]LogTargetPlatformManager: Display: Loaded TargetPlatform 'LinuxAArch64Client'
[2022.11.24-19.49.33:678][  0]LogTargetPlatformManager: Display: Loaded TargetPlatform 'LinuxAArch64Server'
[2022.11.24-19.49.33:716][  0]LogTargetPlatformManager: Display: Loaded TargetPlatform 'Lumin'
[2022.11.24-19.49.33:716][  0]LogTargetPlatformManager: Display: Loaded TargetPlatform 'LuminClient'
[2022.11.24-19.49.33:729][  0]LogTargetPlatformManager: Display: Loaded TargetPlatform 'MacNoEditor'
[2022.11.24-19.49.33:736][  0]LogTargetPlatformManager: Display: Loaded TargetPlatform 'Mac'
[2022.11.24-19.49.33:742][  0]LogTargetPlatformManager: Display: Loaded TargetPlatform 'MacClient'
[2022.11.24-19.49.33:748][  0]LogTargetPlatformManager: Display: Loaded TargetPlatform 'MacServer'
[2022.11.24-19.49.33:763][  0]LogTargetPlatformManager: Display: Loaded TargetPlatform 'TVOSClient'
[2022.11.24-19.49.33:763][  0]LogTargetPlatformManager: Display: Loaded TargetPlatform 'TVOS'
[2022.11.24-19.49.33:780][  0]LogTargetPlatformManager: Display: Loaded TargetPlatform 'WindowsNoEditor'
[2022.11.24-19.49.33:786][  0]LogTargetPlatformManager: Display: Loaded TargetPlatform 'Windows'
[2022.11.24-19.49.33:793][  0]LogTargetPlatformManager: Display: Loaded TargetPlatform 'WindowsClient'
[2022.11.24-19.49.33:800][  0]LogTargetPlatformManager: Display: Loaded TargetPlatform 'WindowsServer'
[2022.11.24-19.49.33:800][  0]LogTargetPlatformManager: Display: Building Assets For Windows
[2022.11.24-19.49.33:813][  0]LogAudioDebug: Display: Lib vorbis DLL was dynamically loaded.
[2022.11.24-19.49.33:888][  0]LogTextureFormatOodle: Display: Oodle Texture 2.9.0 init RDO Off
[2022.11.24-19.49.33:939][  0]LogRendererCore: Ray tracing is disabled. Reason: r.RayTracing=0.
[2022.11.24-19.49.33:939][  0]LogShaderCompilers: Guid format shader working directory is -10 characters bigger than the processId version (../../../../../../../chris animation/3DWORK/wednsday-3D/Intermediate/Shaders/WorkingDirectory/8012/).
[2022.11.24-19.49.33:939][  0]LogShaderCompilers: Cleaned the shader compiler working directory 'C:/Users/Liam/AppData/Local/Temp/UnrealShaderWorkingDir/0BA30953486A74FB4E7D67AE2D408C00/'.
[2022.11.24-19.49.33:939][  0]LogXGEController: Cannot use XGE Controller as Incredibuild is not installed on this machine.
[2022.11.24-19.49.33:939][  0]LogShaderCompilers: Cannot use XGE Shader Compiler as Incredibuild is not installed on this machine.
[2022.11.24-19.49.33:939][  0]LogShaderCompilers: Display: Using Local Shader Compiler.
[2022.11.24-19.49.34:806][  0]LogDerivedDataCache: Display: Max Cache Size: 512 MB
[2022.11.24-19.49.34:860][  0]LogDerivedDataCache: Loaded boot cache 0.05s 94MB C:/Users/Liam/AppData/Local/UnrealEngine/4.27/DerivedDataCache/Boot.ddc.
[2022.11.24-19.49.34:861][  0]LogDerivedDataCache: Display: Loaded Boot cache: C:/Users/Liam/AppData/Local/UnrealEngine/4.27/DerivedDataCache/Boot.ddc
[2022.11.24-19.49.34:861][  0]LogDerivedDataCache: FDerivedDataBackendGraph:  Pak pak cache file ../../../../../../../chris animation/3DWORK/wednsday-3D/DerivedDataCache/DDC.ddp not found, will not use a pak cache.
[2022.11.24-19.49.34:861][  0]LogDerivedDataCache: Unable to find inner node Pak for hierarchical cache Hierarchy.
[2022.11.24-19.49.34:861][  0]LogDerivedDataCache: FDerivedDataBackendGraph:  CompressedPak pak cache file ../../../../../../../chris animation/3DWORK/wednsday-3D/DerivedDataCache/Compressed.ddp not found, will not use a pak cache.
[2022.11.24-19.49.34:861][  0]LogDerivedDataCache: Unable to find inner node CompressedPak for hierarchical cache Hierarchy.
[2022.11.24-19.49.34:880][  0]LogDerivedDataCache: Display: Pak cache opened for reading ../../../Engine/DerivedDataCache/Compressed.ddp.
[2022.11.24-19.49.34:880][  0]LogDerivedDataCache: FDerivedDataBackendGraph:  EnterprisePak pak cache file ../../../Enterprise/DerivedDataCache/Compressed.ddp not found, will not use a pak cache.
[2022.11.24-19.49.34:880][  0]LogDerivedDataCache: Unable to find inner node EnterprisePak for hierarchical cache Hierarchy.
[2022.11.24-19.49.34:894][  0]LogDerivedDataCache: Speed tests for C:/Users/Liam/AppData/Local/UnrealEngine/Common/DerivedDataCache took 0.01 seconds
[2022.11.24-19.49.34:894][  0]LogDerivedDataCache: Display: Performance to C:/Users/Liam/AppData/Local/UnrealEngine/Common/DerivedDataCache: Latency=0.11ms. RandomReadSpeed=973.49MBs, RandomWriteSpeed=81.85MBs. Assigned SpeedClass 'Local'
[2022.11.24-19.49.34:895][  0]LogDerivedDataCache: Using Local data cache path C:/Users/Liam/AppData/Local/UnrealEngine/Common/DerivedDataCache: Writable
[2022.11.24-19.49.34:895][  0]LogDerivedDataCache: Shared data cache path not found in *engine.ini, will not use an Shared cache.
[2022.11.24-19.49.34:895][  0]LogDerivedDataCache: Unable to find inner node Shared for hierarchical cache Hierarchy.
[2022.11.24-19.49.34:944][  0]LogSlate: Using FreeType 2.10.0
[2022.11.24-19.49.34:945][  0]LogSlate: SlateFontServices - WITH_FREETYPE: 1, WITH_HARFBUZZ: 1
[2022.11.24-19.49.34:972][  0]LogAssetRegistry: FAssetRegistry took 0.0029 seconds to start up
[2022.11.24-19.49.35:255][  0]LogInit: Selected Device Profile: [Windows]
[2022.11.24-19.49.35:255][  0]LogInit: Active device profile: [000002611CA54900][000002611A34D5C0 49] Windows
[2022.11.24-19.49.35:255][  0]LogInit: Profiles: [000002611CA54900][000002611A34D5C0 49] Windows, [000002611CA43600][0000026111261740 49] WindowsNoEditor, [000002611CA57500][0000026114DEF8C0 49] WindowsServer, [000002611CA40E00][0000026114DF3A40 49] WindowsClient, [000002611CA57800][0000026114DF7BC0 49] IOS, [000002611CA42600][0000026114DFA1C0 49] iPadAir, [000002611CA56000][0000026114DFE340 49] iPadAir2, [000002611C9E0A00][000002611AC04600 49] IPadPro, [000002611C9E0B00][000002611AC00640 49] iPadAir3, [000002611CA41700][000002611125C780 49] iPadAir4, [000002611C9E3400][000002611AC088C0 49] iPadMini2, [000002611CA42800][000002611AC0CA00 49] iPadMini3, [000002611C9E1700][000002611AC10B40 49] iPadMini4, [000002611CA55100][000002611AC18CC0 49] iPadMini5, [000002611CA20300][000002611AC20F80 49] iPhone6, [000002611CA20400][000002611AC1CFC0 49] iPodTouch6, [000002611C9DBF00][000002611AC29280 49] iPhone7, [000002611C9DBE00][000002611AC252C0 49] iPodTouch7, [000002611CA41E00][000002611AC2D440 49] iPhone5S, [000002611C9D9A00][000002611AC315C0 49] iPhone6Plus, [000002611CA20200][000002611AC35740 49] iPhone6S, [000002611C9D8600][000002611AC398C0 49] iPhone6SPlus, [000002611CA22900][000002611AC3DA40 49] iPhone7Plus, [000002611C9DB100][000002611AC41BC0 49] iPhoneSE, [000002611CA22200][000002611AC441C0 49] iPhone8, [000002611C9DBB00][000002611AC48340 49] iPhone8Plus, [000002611CA20A00][000002611AC4C4C0 49] iPhoneX, [000002611C9D9400][000002611AC50640 49] iPhoneXS, [000002611CA23900][000002611AC547C0 49] iPhoneXSMax, [000002611C9D8900][000002611AC58940 49] iPhoneXR, [000002611CA22F00][000002611AC14A80 49] iPhone11, [000002611C9D9300][000002611AC5CBC0 49] iPhone11Pro, [000002611CA21000][000002610FB20D00 49] iPhone11ProMax, [000002611C9DAA00][000002610FB28E80 49] iPhoneSE2, [000002611CA21400][000002610FB2D000 49] iPhone12Mini, [000002611C9DA400][000002610FB31180 49] iPhone12, [000002611CA20D00][000002610FB35300 49] iPhone12Pro, [000002611C9DAB00][000002610FB39480 49] iPhone12ProMax, [000002611CA23000][000002610FB3D600 49] iPadPro105, [000002611C9D8700][000002610FB41780 49] iPadPro129, [000002611CA22800][000002610FB45900 49] iPadPro97, [000002611C9DA600][000002610FB49A80 49] iPadPro2_129, [000002611CA23C00][000002611CC71C00 49] iPad5, [000002611C9DA200][000002611CC74200 49] iPad6, [000002611CA20F00][000002611CC78380 49] iPad7, [000002611C9DAD00][000002611CC7C500 49] iPad8, [000002611CA21100][000002611CC80680 49] iPadPro11, [000002611C9D9600][000002611CC84800 49] iPadPro2_11, [000002611CA23400][000002611CC88980 49] iPadPro3_129, [000002611C9DA800][000002611CC8CB00 49] iPadPro4_129, [000002611CA23A00][000002610FB24C40 49] AppleTV, [000002611C9DA100][000002611CC90D80 49] AppleTV4K, [000002611CA21F00][000002611CC94EC0 49] TVOS, [000002611C9DB400][000002611CC9D040 49] Mac, [000002611CA23800][000002611CCA11C0 49] MacClient, [000002611C9D9E00][000002611CCA5340 49] MacNoEditor, [000002611CA23F00][000002611CCA94C0 49] MacServer, [000002611C9DB500][000002611CCAD640 49] Linux, [000002611CA20C00][000002611CCB17C0 49] LinuxAArch64, [000002611C9DAF00][000002611CCB5940 49] LinuxNoEditor, [000002611CA20B00][000002611CCB9AC0 49] LinuxAArch64NoEditor, [000002611C9DB700][000002611CCBC0C0 49] LinuxClient, [000002611CA21A00][000002611CCC0240 49] LinuxAArch64Client, [000002611C9D9000][000002611CCC43C0 49] LinuxServer, [000002611CA22500][000002611CCC8540 49] LinuxAArch64Server, [000002611C9D9900][000002611CCCC6C0 49] Android, [000002611CA21300][000002611CCD0840 49] Android_Low, [000002611C9DA700][000002611CCD49C0 49] Android_Mid, [000002611CA22B00][000002611CCD8B40 49] Android_High, [000002611C9DB800][000002611CCDCCC0 49] Android_Default, [000002611CA21600][000002611CC98E00 49] Android_Adreno4xx, [000002611C9D9500][000002611CCE0F40 49] Android_Adreno5xx_Low, [000002611C9E3600][000002611CCE5080 49] Android_Adreno5xx, [000002611CA41600][000002611CCE91C0 49] Android_Adreno6xx, [000002611C9E1200][000002611CCF1340 49] Android_Adreno6xx_Vulkan, [000002611CA43A00][000002611CCF54C0 49] Android_Mali_T6xx, [000002611C9E1100][000002611CCF9640 49] Android_Mali_T7xx, [000002611CA41400][000002611CCFD7C0 49] Android_Mali_T8xx, [000002611C9E1E00][000002611CD01940 49] Android_Mali_G71, [000002611CA40500][000002611CD05AC0 49] Android_Mali_G72, [000002611C9E0800][000002611CD080C0 49] Android_Mali_G72_Vulkan, [000002611CA41100][000002611CD0C240 49] Android_Mali_G76, [000002611C9E0100][000002611CD103C0 49] Android_Mali_G76_Vulkan, [000002611CA41D00][000002611CD14540 49] Android_Mali_G77, [000002611C9E1000][000002611CD186C0 49] Android_Mali_G77_Vulkan, [000002611CA40A00][000002611CD1C840 49] Android_Mali_G78, [000002611C9E2C00][000002611CD209C0 49] Android_Mali_G78_Vulkan, [000002611CA43400][000002611CD24B40 49] Android_Mali_G710, [000002611C9E2A00][000002611CD28CC0 49] Android_Mali_G710_Vulkan, [000002611CA43D00][000002611CD2CE40 49] Android_Vulkan_SM5, [000002611C9E3B00][000002611CCECF80 49] Android_PowerVR_G6xxx, [000002611CA43900][000002611CD310C0 49] Android_PowerVR_GT7xxx, [000002611C9E3900][000002611CD35200 49] Android_PowerVR_GE8xxx, [000002611CA40C00][000002611CD39340 49] Android_PowerVR_GM9xxx, [000002611C9E2700][000002611CD414C0 49] Android_PowerVR_GM9xxx_Vulkan, [000002611CA42500][000002611CD45640 49] Android_TegraK1, [000002611C9E0900][000002611CD497C0 49] Android_Unknown_Vulkan, [000002611CA41B00][000002611CD4D940 49] Lumin, [000002611C9E0500][000002611CD51AC0 49] Lumin_Desktop, [000002611CA43100][000002611CD540C0 49] HoloLens, 
[2022.11.24-19.49.35:404][  0]LogMeshReduction: Using QuadricMeshReduction for automatic static mesh reduction
[2022.11.24-19.49.35:404][  0]LogMeshReduction: Using SimplygonMeshReduction for automatic skeletal mesh reduction
[2022.11.24-19.49.35:404][  0]LogMeshReduction: Using ProxyLODMeshReduction for automatic mesh merging
[2022.11.24-19.49.35:404][  0]LogMeshReduction: No distributed automatic mesh merging module available
[2022.11.24-19.49.35:404][  0]LogMeshMerging: No distributed automatic mesh merging module available
[2022.11.24-19.49.35:426][  0]LogNetVersion: MyProject 1.0.0, NetCL: 17155196, EngineNetVer: 17, GameNetVer: 0 (Checksum: 3629800737)
[2022.11.24-19.49.35:877][  0]LogTexture: Default maximum texture size for cubemaps generated from long-lat sources has been changed from 512 to unlimited. In order to preserve old behaiour for '/Engine/MapTemplates/Sky/DaylightAmbientCubemap.DaylightAmbientCubemap', its maximum texture size has been explicitly set to 512.
[2022.11.24-19.49.35:935][  0]LogHMD: PokeAHoleMaterial loaded successfully
[2022.11.24-19.49.35:941][  0]LogUObjectArray: 17178 objects as part of root set at end of initial load.
[2022.11.24-19.49.35:941][  0]LogUObjectAllocator: 4302048 out of 0 bytes used by permanent object pool.
[2022.11.24-19.49.35:941][  0]LogUObjectArray: CloseDisregardForGC: 0/0 objects in disregard for GC pool
[2022.11.24-19.49.36:390][  0]LogNiagaraDebuggerClient: Niagara Debugger Client Initialized | Session: 14345CF84655865140FAE6BDB4148ACC | Instance: F4D06DC44029B3DA036CFA82967D00A6 (LIAMSPC-8012).
[2022.11.24-19.49.36:441][  0]LogPython: Using Python 3.7.7
[2022.11.24-19.49.37:224][  0]LogTcpMessaging: Initializing TcpMessaging bridge
[2022.11.24-19.49.37:231][  0]LogUdpMessaging: Initializing bridge on interface 0.0.0.0:0 to multicast group 230.0.0.1:6666.
[2022.11.24-19.49.37:730][  0]SourceControl: Source control is disabled
[2022.11.24-19.49.37:730][  0]SourceControl: Source control is disabled
[2022.11.24-19.49.37:735][  0]SourceControl: Source control is disabled
[2022.11.24-19.49.37:746][  0]SourceControl: Source control is disabled
[2022.11.24-19.49.37:764][  0]SourceControl: Source control is disabled
[2022.11.24-19.49.37:776][  0]LogUProjectInfo: Found projects:
[2022.11.24-19.49.37:786][  0]LogVSAccessor: Display: Unable to create Visual Studio setup instance: 80040154
[2022.11.24-19.49.37:787][  0]LogVSAccessor: Display: Unable to create Visual Studio setup instance: 80040154
[2022.11.24-19.49.37:787][  0]LogVSAccessor: Display: Unable to create Visual Studio setup instance: 80040154
[2022.11.24-19.49.38:231][  0]LogOpenImageDenoise: OIDN starting up
[2022.11.24-19.49.38:317][  0]LogAndroidPermission: UAndroidPermissionCallbackProxy::GetInstance
[2022.11.24-19.49.38:353][  0]LogAudioCaptureCore: Display: No Audio Capture implementations found. Audio input will be silent.
[2022.11.24-19.49.38:353][  0]LogAudioCaptureCore: Display: No Audio Capture implementations found. Audio input will be silent.
[2022.11.24-19.49.38:531][  0]LogCollectionManager: Loaded 0 collections in 0.001214 seconds
[2022.11.24-19.49.38:581][  0]LogFileCache: Scanning file cache for directory 'E:/chris animation/3DWORK/wednsday-3D/Saved/Collections/' took 0.00s
[2022.11.24-19.49.38:582][  0]LogFileCache: Scanning file cache for directory 'E:/chris animation/3DWORK/wednsday-3D/Content/Developers/Liam/Collections/' took 0.00s
[2022.11.24-19.49.38:582][  0]LogFileCache: Scanning file cache for directory 'E:/chris animation/3DWORK/wednsday-3D/Content/Collections/' took 0.00s
[2022.11.24-19.49.38:582][  0]LogOcInput: OculusInput pre-init called
[2022.11.24-19.49.38:898][  0]LogEngine: Initializing Engine...
[2022.11.24-19.49.38:903][  0]LogHMD: Failed to enumerate extensions. Please check that you have a valid OpenXR runtime installed.
[2022.11.24-19.49.38:903][  0]LogHMD: Failed to initialize OpenVR with code 110
[2022.11.24-19.49.38:903][  0]LogMagicLeap: Warning: VR disabled because ZI is not enabled.  To enable, in the editor, Edit -> Project Settings -> Plugins -> Magic Leap Plugin -> Enable Zero Iteration
[2022.11.24-19.49.38:904][  0]LogStats: UGameplayTagsManager::InitializeManager -  0.000 s
[2022.11.24-19.49.39:075][  0]LogInit: Initializing FReadOnlyCVARCache
[2022.11.24-19.49.39:088][  0]LogAIModule: Creating AISystem for world Untitled
[2022.11.24-19.49.39:088][  0]LogAudio: Display: Initializing Audio Device Manager...
[2022.11.24-19.49.39:095][  0]LogAudio: Display: Loading Default Audio Settings Objects...
[2022.11.24-19.49.39:096][  0]LogAudio: Display: No default SoundConcurrencyObject specified (or failed to load).
[2022.11.24-19.49.39:096][  0]LogAudio: Display: Audio Device Manager Initialized
[2022.11.24-19.49.39:096][  0]LogAudio: Display: Creating Audio Device:                 Id: 1, Scope: Shared, Realtime: True
[2022.11.24-19.49.39:097][  0]LogAudioMixer: Display: Audio Mixer Platform Settings:
[2022.11.24-19.49.39:097][  0]LogAudioMixer: Display: 	Sample Rate:						  48000
[2022.11.24-19.49.39:097][  0]LogAudioMixer: Display: 	Callback Buffer Frame Size Requested: 1024
[2022.11.24-19.49.39:097][  0]LogAudioMixer: Display: 	Callback Buffer Frame Size To Use:	  1024
[2022.11.24-19.49.39:097][  0]LogAudioMixer: Display: 	Number of buffers to queue:			  2
[2022.11.24-19.49.39:097][  0]LogAudioMixer: Display: 	Max Channels (voices):				  32
[2022.11.24-19.49.39:097][  0]LogAudioMixer: Display: 	Number of Async Source Workers:		  0
[2022.11.24-19.49.39:097][  0]LogAudio: Display: AudioDevice MaxSources: 32
[2022.11.24-19.49.39:097][  0]LogAudio: Display: Audio Spatialization Plugin: None (built-in).
[2022.11.24-19.49.39:097][  0]LogAudio: Display: Audio Reverb Plugin: None (built-in).
[2022.11.24-19.49.39:097][  0]LogAudio: Display: Audio Occlusion Plugin: None (built-in).
[2022.11.24-19.49.39:097][  0]LogAudioMixer: Display: Initializing audio mixer.
[2022.11.24-19.49.39:137][  0]LogAudioMixer: Display: 0: FrontLeft
[2022.11.24-19.49.39:137][  0]LogAudioMixer: Display: 1: FrontRight
[2022.11.24-19.49.39:167][  0]LogAudioMixer: Display: Using Audio Device Speakers (HyperX Quadcast)
[2022.11.24-19.49.39:170][  0]LogAudioMixer: Display: Initializing Sound Submixes...
[2022.11.24-19.49.39:174][  0]LogAudioMixer: Display: Creating Master Submix 'MasterSubmixDefault'
[2022.11.24-19.49.39:175][  0]LogAudioMixer: Display: Creating Master Submix 'MasterReverbSubmixDefault'
[2022.11.24-19.49.39:176][  0]LogAudioMixer: Display: Creating Master Submix 'MasterEQSubmixDefault'
[2022.11.24-19.49.39:176][  0]LogAudioMixer: FMixerPlatformXAudio2::StartAudioStream() called
[2022.11.24-19.49.39:176][  0]LogAudioMixer: Display: Output buffers initialized: Frames=1024, Channels=2, Samples=2048
[2022.11.24-19.49.39:177][  0]LogAudioMixer: Display: Starting AudioMixerPlatformInterface::RunInternal()
[2022.11.24-19.49.39:177][  0]LogAudioMixer: Display: FMixerPlatformXAudio2::SubmitBuffer() called for the first time
[2022.11.24-19.49.39:177][  0]LogInit: FAudioDevice initialized.
[2022.11.24-19.49.39:177][  0]LogAudio: Display: Audio Device (ID: 1) registered with world 'Untitled'.
[2022.11.24-19.49.39:177][  0]LogNetVersion: Set ProjectVersion to 1.0.0.0. Version Checksum will be recalculated on next use.
[2022.11.24-19.49.39:394][  0]LogDerivedDataCache: Saved boot cache 0.22s 94MB C:/Users/Liam/AppData/Local/UnrealEngine/4.27/DerivedDataCache/Boot.ddc.
[2022.11.24-19.49.39:397][  0]LogInit: Texture streaming: Enabled
[2022.11.24-19.49.39:416][  0]LogAnalytics: Display: [UEEditor.Rocket.Release] APIServer = https://datarouter.ol.epicgames.com/. AppVersion = 4.27.2-18319896+++UE4+Release-4.27
[2022.11.24-19.49.39:422][  0]LogEngineSessionManager: EngineSessionManager initialized
[2022.11.24-19.49.39:422][  0]LogEditorSessionSummary: Verbose: Initializing EditorSessionSummaryWriter for editor session tracking
[2022.11.24-19.49.39:427][  0]LogEditorSessionSummary: EditorSessionSummaryWriter initialized
[2022.11.24-19.49.39:470][  0]LogInit: Transaction tracking system initialized
[2022.11.24-19.49.39:504][  0]BlueprintLog: New page: Editor Load
[2022.11.24-19.49.39:602][  0]LocalizationService: Localization service is disabled
[2022.11.24-19.49.39:643][  0]TimingProfiler: Initialize
[2022.11.24-19.49.39:643][  0]TimingProfiler: OnSessionChanged
[2022.11.24-19.49.39:643][  0]LoadingProfiler: Initialize
[2022.11.24-19.49.39:643][  0]LoadingProfiler: OnSessionChanged
[2022.11.24-19.49.39:643][  0]NetworkingProfiler: Initialize
[2022.11.24-19.49.39:643][  0]NetworkingProfiler: OnSessionChanged
[2022.11.24-19.49.39:643][  0]MemoryProfiler: Initialize
[2022.11.24-19.49.39:643][  0]MemoryProfiler: OnSessionChanged
[2022.11.24-19.49.39:738][  0]LogVSAccessor: Display: Unable to create Visual Studio setup instance: 80040154
[2022.11.24-19.49.39:739][  0]LogVSAccessor: Display: Unable to create Visual Studio setup instance: 80040154
[2022.11.24-19.49.39:739][  0]LogVSAccessor: Display: Unable to create Visual Studio setup instance: 80040154
[2022.11.24-19.49.39:900][  0]LogCook: Display: CookSettings for Memory: MemoryMaxUsedVirtual 0MiB, MemoryMaxUsedPhysical 16384MiB, MemoryMinFreeVirtual 0MiB, MemoryMinFreePhysical 1024MiB
[2022.11.24-19.49.39:900][  0]LogCook: Display: Mobile HDR setting 1
[2022.11.24-19.49.40:181][  0]LogFileCache: Scanning file cache for directory 'E:/chris animation/3DWORK/wednsday-3D/Content/' took 0.01s
[2022.11.24-19.49.40:379][  0]LogInit: Display: Engine is initialized. Leaving FEngineLoop::Init()
[2022.11.24-19.49.40:384][  0]SourceControl: Source control is disabled
[2022.11.24-19.49.40:384][  0]LogUnrealEdMisc: Loading editor; pre map load, took 12.579
[2022.11.24-19.49.40:384][  0]Cmd: MAP LOAD FILE="../../../../../../../chris animation/3DWORK/wednsday-3D/Content/ThirdPersonBP/Maps/ThirdPersonExampleMap.umap" TEMPLATE=0 SHOWPROGRESS=1 FEATURELEVEL=3
[2022.11.24-19.49.40:385][  0]LightingResults: New page: Lighting Build
[2022.11.24-19.49.40:387][  0]LogWorld: UWorld::CleanupWorld for Untitled, bSessionEnded=true, bCleanupResources=true
[2022.11.24-19.49.40:387][  0]LogSlate: InvalidateAllWidgets triggered.  All widgets were invalidated
[2022.11.24-19.49.40:387][  0]MapCheck: New page: Map Check
[2022.11.24-19.49.40:387][  0]LightingResults: New page: Lighting Build
[2022.11.24-19.49.40:391][  0]LogAudio: Display: Audio Device unregistered from world 'None'.
[2022.11.24-19.49.40:394][  0]LogUObjectHash: Compacting FUObjectHashTables data took   0.89ms
